20:59:29 **** Build of configuration Debug for project 160909_tarea_onda_cuadrada ****
make all 
Building file: ../Sources/._main.c
Invoking: Cross ARM C Compiler
arm-none-eabi-gcc -mcpu=cortex-m4 -mthumb -mfloat-abi=hard -mfpu=fpv4-sp-d16 -O0 -fmessage-length=0 -fsigned-char -ffunction-sections -fdata-sections  -g3 -I"../Sources" -I"../Includes" -std=c99 -MMD -MP -MF"Sources/._main.d" -MT"Sources/._main.o" -c -o "Sources/._main.o" "../Sources/._main.c"
../Sources/._main.c:1:1: warning: null character(s) ignored [enabled by default]
../Sources/._main.c:1:2: error: stray '\5' in program
../Sources/._main.c:1:2: error: stray '\26' in program
../Sources/._main.c:1:2: error: stray '\7' in program
../Sources/._main.c:1:5: warning: null character(s) ignored [enabled by default]
../Sources/._main.c:1:2: error: stray '\2' in program
../Sources/._main.c:1:7: warning: null character(s) ignored [enabled by default]
../Sources/._main.c:1:9: error: unknown type name 'Mac'
../Sources/._main.c:1:16: error: expected '=', ',', ';', 'asm' or '__attribute__' before 'X'
../Sources/._main.c:1:17: warning: null character(s) ignored [enabled by default]
../Sources/._main.c:1:16: error: stray '\2' in program
../Sources/._main.c:1:27: warning: null character(s) ignored [enabled by default]
../Sources/._main.c:1:35: warning: null character(s) ignored [enabled by default]
../Sources/._main.c:1:16: error: stray '\16' in program
../Sources/._main.c:1:16: error: stray '\260' in program
../Sources/._main.c:1:39: warning: null character(s) ignored [enabled by default]
../Sources/._main.c:1:16: error: stray '\2' in program
../Sources/._main.c:1:43: warning: null character(s) ignored [enabled by default]
../Sources/._main.c:1:16: error: stray '\16' in program
../Sources/._main.c:1:16: error: stray '\342' in program
../Sources/._main.c:1:47: warning: null character(s) ignored [enabled by default]
../Sources/._main.c:1:16: error: stray '\1' in program
../Sources/._main.c:1:16: error: stray '\36' in program

cc1.exe: out of memory allocating 1677721600 bytes
Sources/subdir.mk:30: recipe for target 'Sources/._main.o' failed
make: *** [Sources/._main.o] Error 1

20:59:29 Build Finished (took 796ms)

